<?xml version="1.0" encoding="UTF-8"?>
<!-- Generated by org.testng.reporters.JUnitReportReporter -->
<testsuite hostname="LAPTOP-6BLT8BB7" failures="0" tests="1" name="com.nopCommerceapplication.testcases.checkingorderstest" time="22.165" errors="0" timestamp="2023-08-22T20:35:25 IST" skipped="0">
  <testcase classname="com.nopCommerceapplication.testcases.checkingorderstest" name="checkingorders" time="22.165"/>
  <system-out/>
</testsuite> <!-- com.nopCommerceapplication.testcases.checkingorderstest -->
