<?xml version="1.0" encoding="UTF-8"?>
<!-- Generated by org.testng.reporters.JUnitReportReporter -->
<testsuite hostname="LAPTOP-6BLT8BB7" failures="0" tests="1" name="com.frameworkpractise.testcases.Logintest" time="36.619" errors="0" timestamp="2023-08-20T13:30:38 IST" skipped="0">
  <testcase classname="com.frameworkpractise.testcases.Logintest" name="logintest" time="36.619"/>
  <system-out/>
</testsuite> <!-- com.frameworkpractise.testcases.Logintest -->
