<?xml version="1.0" encoding="UTF-8"?>
<!-- Generated by org.testng.reporters.JUnitReportReporter -->
<testsuite hostname="DESKTOP-C6IBOPQ" failures="0" tests="4" name="com.nopCommerceapplication.testcases.Logintest" time="31.542" errors="0" timestamp="2024-02-23T13:07:48 IST" skipped="0">
  <testcase classname="com.nopCommerceapplication.testcases.Logintest" name="logintestwithvalidcredentials" time="10.176"/>
  <system-out/>
  <testcase classname="com.nopCommerceapplication.testcases.Logintest" name="logintestwithinvalidcredentials" time="7.510"/>
  <system-out/>
  <testcase classname="com.nopCommerceapplication.testcases.Logintest" name="logintestwithonlyusernameispassed" time="7.381"/>
  <system-out/>
  <testcase classname="com.nopCommerceapplication.testcases.Logintest" name="logintestwithonlypasswordispassed" time="6.475"/>
  <system-out/>
</testsuite> <!-- com.nopCommerceapplication.testcases.Logintest -->
