<?xml version="1.0" encoding="UTF-8"?>
<!-- Generated by org.testng.reporters.JUnitReportReporter -->
<testsuite hostname="LAPTOP-6BLT8BB7" failures="0" tests="4" name="com.nopCommerceapplication.testcases.Logintest" time="16.183" errors="0" timestamp="2024-01-28T21:06:42 IST" skipped="0">
  <testcase classname="com.nopCommerceapplication.testcases.Logintest" name="logintestwithvalidcredentials" time="5.004"/>
  <system-out/>
  <testcase classname="com.nopCommerceapplication.testcases.Logintest" name="logintestwithinvalidcredentials" time="3.670"/>
  <system-out/>
  <testcase classname="com.nopCommerceapplication.testcases.Logintest" name="logintestwithonlyusernameispassed" time="3.598"/>
  <system-out/>
  <testcase classname="com.nopCommerceapplication.testcases.Logintest" name="logintestwithonlyusernamepassed" time="3.911"/>
  <system-out/>
</testsuite> <!-- com.nopCommerceapplication.testcases.Logintest -->
