<?xml version="1.0" encoding="UTF-8"?>
<!-- Generated by org.testng.reporters.JUnitReportReporter -->
<testsuite hostname="LAPTOP-6BLT8BB7" failures="0" tests="1" name="com.nopCommerceapplication.testcases.checkingorderstest" time="13.010" errors="0" timestamp="2024-01-28T21:06:42 IST" skipped="0">
  <testcase classname="com.nopCommerceapplication.testcases.checkingorderstest" name="checkingorders" time="13.010"/>
  <system-out/>
</testsuite> <!-- com.nopCommerceapplication.testcases.checkingorderstest -->
