<?xml version="1.0" encoding="UTF-8"?>
<!-- Generated by org.testng.reporters.JUnitReportReporter -->
<testsuite hostname="DESKTOP-C6IBOPQ" failures="0" tests="1" name="com.nopCommerceapplication.testcases.Addcustomertest" time="17.121" errors="0" timestamp="2024-02-23T13:07:48 IST" skipped="0">
  <testcase classname="com.nopCommerceapplication.testcases.Addcustomertest" name="Addcustomer" time="17.121"/>
  <system-out/>
</testsuite> <!-- com.nopCommerceapplication.testcases.Addcustomertest -->
